<?xml version="1.0" encoding="UTF-8"?>
<testsuite xmlns:xsi="http://www.w3.org/2001/XMLSchema-instance" xsi:noNamespaceSchemaLocation="https://maven.apache.org/surefire/maven-surefire-plugin/xsd/surefire-test-report.xsd" version="3.0.1" name="com.mycompany.app.AppTest" time="8.915" tests="98" errors="0" skipped="0" failures="0">
  <properties>
[...]
</properties>
  <testcase name="testMiniMaxOneMove" classname="com.mycompany.app.AppTest" time="0.457">
    <system-out><![CDATA[
minimax:   9(100) 
minimax best:   9(100) Steps counted: 0]]></system-out>
  </testcase>
  <testcase name="testPlayerSetMove" classname="com.mycompany.app.AppTest" time="0.014"/>
  <testcase name="testPlayerDefaultMove" classname="com.mycompany.app.AppTest" time="0.018"/>
  <testcase name="testGenMovesPartial" classname="com.mycompany.app.AppTest" time="0.06"/>
  <testcase name="testXWinCol1" classname="com.mycompany.app.AppTest" time="0.106"/>
  <testcase name="testXWinCol2" classname="com.mycompany.app.AppTest" time="0.06"/>
  <testcase name="testXWinCol3" classname="com.mycompany.app.AppTest" time="0.004"/>
  <testcase name="testXWinRow1" classname="com.mycompany.app.AppTest" time="0.003"/>
  <testcase name="testXWinRow2" classname="com.mycompany.app.AppTest" time="0.008"/>
  <testcase name="testXWinRow3" classname="com.mycompany.app.AppTest" time="0.052"/>
  <testcase name="testMiniMaxEmptyO" classname="com.mycompany.app.AppTest" time="0.807">
    <system-out><![CDATA[
minimax:   1(0) 
minimax:   2(0) 
minimax:   3(0) 
minimax:   4(0) 
minimax:   5(0) 
minimax:   6(0) 
minimax:   7(0) 
minimax:   8(0) 
minimax:   9(0) 
minimax best:   3(0) Steps counted: 294777]]></system-out>
  </testcase>
  <testcase name="testMiniMaxEmptyX" classname="com.mycompany.app.AppTest" time="0.738">
    <system-out><![CDATA[
minimax:   1(0) 
minimax:   2(0) 
minimax:   3(0) 
minimax:   4(0) 
minimax:   5(0) 
minimax:   6(0) 
minimax:   7(0) 
minimax:   8(0) 
minimax:   9(0) 
minimax best:   6(0) Steps counted: 294777]]></system-out>
  </testcase>
  <testcase name="testAllCells" classname="com.mycompany.app.AppTest" time="0.898"/>
  <testcase name="testEmptyBoard" classname="com.mycompany.app.AppTest" time="0.005"/>
  <testcase name="testPlayer2Symbol" classname="com.mycompany.app.AppTest" time="0.003"/>
  <testcase name="testMinMovePartialO" classname="com.mycompany.app.AppTest" time="0.013"/>
  <testcase name="testMinMovePartialX" classname="com.mycompany.app.AppTest" time="0.007"/>
  <testcase name="testMiniMaxQReset" classname="com.mycompany.app.AppTest" time="0.016">
    <system-out><![CDATA[
minimax:   2(0) 
minimax:   3(0) 
minimax:   4(0) 
minimax:   6(0) 
minimax:   7(0) 
minimax:   8(0) 
minimax:   9(0) 
minimax best:   3(0) Steps counted: 3863]]></system-out>
  </testcase>
  <testcase name="testPanelActionCell0" classname="com.mycompany.app.AppTest" time="0.522">
    <system-out><![CDATA[
minimax:   2(-100) 
minimax:   3(-100) 
minimax:   4(-100) 
minimax:   5(0) 
minimax:   6(-100) 
minimax:   7(-100) 
minimax:   8(-100) 
minimax:   9(-100) 
minimax best:   5(0) Steps counted: 31972]]></system-out>
  </testcase>
  <testcase name="testPanelActionCell1" classname="com.mycompany.app.AppTest" time="0.19">
    <system-out><![CDATA[
minimax:   1(0) 
minimax:   3(0) 
minimax:   4(-100) 
minimax:   5(0) 
minimax:   6(-100) 
minimax:   7(-100) 
minimax:   8(0) 
minimax:   9(-100) 
minimax best:   3(0) Steps counted: 34312]]></system-out>
  </testcase>
  <testcase name="testPanelActionCell2" classname="com.mycompany.app.AppTest" time="0.251">
    <system-out><![CDATA[
minimax:   1(-100) 
minimax:   2(-100) 
minimax:   4(-100) 
minimax:   5(0) 
minimax:   6(-100) 
minimax:   7(-100) 
minimax:   8(-100) 
minimax:   9(-100) 
minimax best:   5(0) Steps counted: 31972]]></system-out>
  </testcase>
  <testcase name="testPanelActionCell3" classname="com.mycompany.app.AppTest" time="0.486">
    <system-out><![CDATA[
minimax:   1(0) 
minimax:   2(-100) 
minimax:   3(-100) 
minimax:   5(0) 
minimax:   6(0) 
minimax:   7(0) 
minimax:   8(-100) 
minimax:   9(-100) 
minimax best:   5(0) Steps counted: 34312]]></system-out>
  </testcase>
  <testcase name="testPanelActionCell4" classname="com.mycompany.app.AppTest" time="0.233">
    <system-out><![CDATA[
minimax:   1(0) 
minimax:   2(-100) 
minimax:   3(0) 
minimax:   4(-100) 
minimax:   6(-100) 
minimax:   7(0) 
minimax:   8(-100) 
minimax:   9(0) 
minimax best:   3(0) Steps counted: 29632]]></system-out>
  </testcase>
  <testcase name="testPanelActionCell5" classname="com.mycompany.app.AppTest" time="0.242">
    <system-out><![CDATA[
minimax:   1(-100) 
minimax:   2(-100) 
minimax:   3(0) 
minimax:   4(0) 
minimax:   5(0) 
minimax:   7(-100) 
minimax:   8(-100) 
minimax:   9(0) 
minimax best:   5(0) Steps counted: 34312]]></system-out>
  </testcase>
  <testcase name="testPanelActionCell6" classname="com.mycompany.app.AppTest" time="0.178">
    <system-out><![CDATA[
minimax:   1(-100) 
minimax:   2(-100) 
minimax:   3(-100) 
minimax:   4(-100) 
minimax:   5(0) 
minimax:   6(-100) 
minimax:   8(-100) 
minimax:   9(-100) 
minimax best:   5(0) Steps counted: 31972]]></system-out>
  </testcase>
  <testcase name="testPanelActionCell7" classname="com.mycompany.app.AppTest" time="0.263">
    <system-out><![CDATA[
minimax:   1(-100) 
minimax:   2(0) 
minimax:   3(-100) 
minimax:   4(-100) 
minimax:   5(0) 
minimax:   6(-100) 
minimax:   7(0) 
minimax:   9(0) 
minimax best:   7(0) Steps counted: 34312]]></system-out>
  </testcase>
  <testcase name="testPanelActionCell8" classname="com.mycompany.app.AppTest" time="0.176">
    <system-out><![CDATA[
minimax:   1(-100) 
minimax:   2(-100) 
minimax:   3(-100) 
minimax:   4(-100) 
minimax:   5(0) 
minimax:   6(-100) 
minimax:   7(-100) 
minimax:   8(-100) 
minimax best:   5(0) Steps counted: 31972]]></system-out>
  </testcase>
  <testcase name="testCellDisabled" classname="com.mycompany.app.AppTest" time="0.009"/>
  <testcase name="testStateDraw" classname="com.mycompany.app.AppTest" time="0.002"/>
  <testcase name="testStateOWin" classname="com.mycompany.app.AppTest" time="0.02"/>
  <testcase name="testStateXWin" classname="com.mycompany.app.AppTest" time="0.019"/>
  <testcase name="testGenMovesEmpty" classname="com.mycompany.app.AppTest" time="0.002"/>
  <testcase name="testUtilityChar" classname="com.mycompany.app.AppTest" time="0.029">
    <system-out><![CDATA[
X-O-X-O-X-O-X-O-X-
]]></system-out>
  </testcase>
  <testcase name="testUtilityList" classname="com.mycompany.app.AppTest" time="0.003">
    <system-out><![CDATA[
1-2-3-
]]></system-out>
  </testcase>
  <testcase name="testDraw" classname="com.mycompany.app.AppTest" time="0.013"/>
  <testcase name="testMiniMaxQResetO" classname="com.mycompany.app.AppTest" time="0.048">
    <system-out><![CDATA[
minimax:   2(0) 
minimax:   3(0) 
minimax:   4(0) 
minimax:   6(0) 
minimax:   7(0) 
minimax:   8(0) 
minimax:   9(0) 
minimax best:   7(0) Steps counted: 3863]]></system-out>
  </testcase>
  <testcase name="testUtilityZeroInt" classname="com.mycompany.app.AppTest" time="0.003">
    <system-out><![CDATA[
0-0-0-0-0-0-0-0-0-
]]></system-out>
  </testcase>
  <testcase name="testGenMovesFull" classname="com.mycompany.app.AppTest" time="0.003"/>
  <testcase name="testGameInitialState" classname="com.mycompany.app.AppTest" time="0.027"/>
  <testcase name="testEvalOWinForO" classname="com.mycompany.app.AppTest" time="0.007"/>
  <testcase name="testEvalOWinForX" classname="com.mycompany.app.AppTest" time="0.011"/>
  <testcase name="testMiniMaxTwoMoves" classname="com.mycompany.app.AppTest" time="0.02">
    <system-out><![CDATA[
minimax:   8(0) 
minimax:   9(100) 
minimax best:   9(100) Steps counted: 1]]></system-out>
  </testcase>
  <testcase name="testGameBoardInitiallyEmpty" classname="com.mycompany.app.AppTest" time="0.006"/>
  <testcase name="testPlaying" classname="com.mycompany.app.AppTest" time="0.023"/>
  <testcase name="testGamePlayer2NotNull" classname="com.mycompany.app.AppTest" time="0.024"/>
  <testcase name="testMiniMaxOneMoveO" classname="com.mycompany.app.AppTest" time="0.013">
    <system-out><![CDATA[
minimax:   9(0) 
minimax best:   9(0) Steps counted: 0]]></system-out>
  </testcase>
  <testcase name="testEvalDrawForO" classname="com.mycompany.app.AppTest" time="0.004"/>
  <testcase name="testMaxMoveSwitchO" classname="com.mycompany.app.AppTest" time="0.029"/>
  <testcase name="testMaxMoveSwitchX" classname="com.mycompany.app.AppTest" time="0.109"/>
  <testcase name="testGameINF" classname="com.mycompany.app.AppTest" time="0.007"/>
  <testcase name="testMaxMovePartialO" classname="com.mycompany.app.AppTest" time="0.007"/>
  <testcase name="testMaxMovePartialX" classname="com.mycompany.app.AppTest" time="0.008"/>
  <testcase name="testMinMoveThreeFree" classname="com.mycompany.app.AppTest" time="0.01"/>
  <testcase name="testOWinCol1" classname="com.mycompany.app.AppTest" time="0.257"/>
  <testcase name="testOWinCol2" classname="com.mycompany.app.AppTest" time="0.011"/>
  <testcase name="testOWinCol3" classname="com.mycompany.app.AppTest" time="0.004"/>
  <testcase name="testOWinRow1" classname="com.mycompany.app.AppTest" time="0.002"/>
  <testcase name="testOWinRow2" classname="com.mycompany.app.AppTest" time="0.002"/>
  <testcase name="testOWinRow3" classname="com.mycompany.app.AppTest" time="0.002"/>
  <testcase name="testMaxMoveThreeFree" classname="com.mycompany.app.AppTest" time="0.002"/>
  <testcase name="testCellNum8" classname="com.mycompany.app.AppTest" time="0.002"/>
  <testcase name="testCellSetO" classname="com.mycompany.app.AppTest" time="0.003"/>
  <testcase name="testCellSetX" classname="com.mycompany.app.AppTest" time="0.002"/>
  <testcase name="testCellInitialMarker" classname="com.mycompany.app.AppTest" time="0.014"/>
  <testcase name="testMinMoveSwitchO" classname="com.mycompany.app.AppTest" time="0.01"/>
  <testcase name="testMinMoveSwitchX" classname="com.mycompany.app.AppTest" time="0.02"/>
  <testcase name="testUtilityEmptyChar" classname="com.mycompany.app.AppTest" time="0.007">
    <system-out><![CDATA[
 - - - - - - - - -
]]></system-out>
  </testcase>
  <testcase name="testUtilityEmptyList" classname="com.mycompany.app.AppTest" time="0.004">
    <system-out><![CDATA[

]]></system-out>
  </testcase>
  <testcase name="testPanelCreation" classname="com.mycompany.app.AppTest" time="0.013"/>
  <testcase name="testCellCol" classname="com.mycompany.app.AppTest" time="0.003"/>
  <testcase name="testCellNum" classname="com.mycompany.app.AppTest" time="0.004"/>
  <testcase name="testCellRow" classname="com.mycompany.app.AppTest" time="0.004"/>
  <testcase name="testMinMoveDraw" classname="com.mycompany.app.AppTest" time="0.004"/>
  <testcase name="testMinMoveOWin" classname="com.mycompany.app.AppTest" time="0.003"/>
  <testcase name="testMinMoveXWin" classname="com.mycompany.app.AppTest" time="0.002"/>
  <testcase name="testStateValues" classname="com.mycompany.app.AppTest" time="0.001"/>
  <testcase name="testStatePlaying" classname="com.mycompany.app.AppTest" time="0.005"/>
  <testcase name="testPlayerSetWin" classname="com.mycompany.app.AppTest" time="0.002"/>
  <testcase name="testGenMovesOneEmpty" classname="com.mycompany.app.AppTest" time="0.01"/>
  <testcase name="testOWinDiag1" classname="com.mycompany.app.AppTest" time="0.003"/>
  <testcase name="testOWinDiag2" classname="com.mycompany.app.AppTest" time="0.001"/>
  <testcase name="testEvalDraw" classname="com.mycompany.app.AppTest" time="0.012"/>
  <testcase name="testGameBoardLength" classname="com.mycompany.app.AppTest" time="0.003"/>
  <testcase name="testPanelActionForeignSource" classname="com.mycompany.app.AppTest" time="0.283">
    <system-out><![CDATA[
minimax:   1(0) 
minimax:   2(0) 
minimax:   3(0) 
minimax:   4(0) 
minimax:   5(0) 
minimax:   6(0) 
minimax:   7(0) 
minimax:   8(0) 
minimax:   9(0) 
minimax best:   5(0) Steps counted: 294777]]></system-out>
  </testcase>
  <testcase name="testMaxMoveDraw" classname="com.mycompany.app.AppTest" time="0.008"/>
  <testcase name="testMaxMoveOWin" classname="com.mycompany.app.AppTest" time="0.042"/>
  <testcase name="testMaxMoveXWin" classname="com.mycompany.app.AppTest" time="0.004"/>
  <testcase name="testMiniMaxFourMoves" classname="com.mycompany.app.AppTest" time="0.014">
    <system-out><![CDATA[
minimax:   6(-100) 
minimax:   7(-100) 
minimax:   8(-100) 
minimax:   9(-100) 
minimax best:   7(-100) Steps counted: 22]]></system-out>
  </testcase>
  <testcase name="testUtilityInt" classname="com.mycompany.app.AppTest" time="0.024">
    <system-out><![CDATA[
1-2-3-4-5-6-7-8-9-
]]></system-out>
  </testcase>
  <testcase name="testPlayer1Symbol" classname="com.mycompany.app.AppTest" time="0.004"/>
  <testcase name="testPlayerSetSelected" classname="com.mycompany.app.AppTest" time="0.009"/>
  <testcase name="testXWinDiag1" classname="com.mycompany.app.AppTest" time="0.003"/>
  <testcase name="testXWinDiag2" classname="com.mycompany.app.AppTest" time="0.003"/>
  <testcase name="testGamePlayer1NotNull" classname="com.mycompany.app.AppTest" time="0.004"/>
  <testcase name="testEvalXWinForO" classname="com.mycompany.app.AppTest" time="0.011"/>
  <testcase name="testEvalXWinForX" classname="com.mycompany.app.AppTest" time="0.012"/>
  <testcase name="testEvalPlaying" classname="com.mycompany.app.AppTest" time="0.004"/>
  <testcase name="testPanelHas9Components" classname="com.mycompany.app.AppTest" time="0.022"/>
</testsuite>